<?xml version="1.0" encoding="UTF-8"?>
<testng-results skipped="0" failed="0" total="0" passed="0">
  <reporter-output>
  </reporter-output>
  <suite name="com.zoomint.service.CarManagerJuniorTest" duration-ms="1" started-at="2022-11-24T18:12:09Z" finished-at="2022-11-24T18:12:09Z">
    <groups>
    </groups>
    <test name="Command line test" duration-ms="1" started-at="2022-11-24T18:12:09Z" finished-at="2022-11-24T18:12:09Z">
    </test> <!-- Command line test -->
  </suite> <!-- com.zoomint.service.CarManagerJuniorTest -->
</testng-results>
